I: automatically chosen mode: unshare
I: chroot architecture amd64 is equal to the host's architecture
I: automatically chosen format: tar
I: using /tmp/mmdebstrap.b5DH5iSjH7 as tempdir
I: running apt-get update...
Get:1 http://deb.debian.org/debian-security bullseye-security InRelease [44.1 kB]
Get:2 http://deb.debian.org/debian bullseye InRelease [113 kB]
Get:3 http://deb.debian.org/debian bullseye-updates InRelease [39.4 kB]
Get:4 http://deb.debian.org/debian bullseye-proposed-updates InRelease [48.9 kB]
Get:5 http://deb.debian.org/debian bullseye-backports InRelease [41.4 kB]
Get:6 http://deb.debian.org/debian-security bullseye-security/main amd64 Packages [44.2 kB]
Get:7 http://deb.debian.org/debian bullseye/non-free amd64 Packages [93.8 kB]
Get:8 http://deb.debian.org/debian bullseye/main amd64 Packages [8178 kB]
Get:9 http://deb.debian.org/debian bullseye/contrib amd64 Packages [50.4 kB]
Get:10 http://deb.debian.org/debian bullseye-updates/main amd64 Packages [2300 B]
Get:11 http://deb.debian.org/debian bullseye-proposed-updates/main amd64 Packages [115 kB]
Get:12 http://deb.debian.org/debian bullseye-proposed-updates/contrib amd64 Packages [932 B]
Get:13 http://deb.debian.org/debian bullseye-backports/non-free amd64 Packages [1204 B]
Get:14 http://deb.debian.org/debian bullseye-backports/contrib amd64 Packages [532 B]
Get:15 http://deb.debian.org/debian bullseye-backports/main amd64 Packages [93.9 kB]
Fetched 8867 kB in 6s (1575 kB/s)
Reading package lists...
I: downloading packages with apt...
Reading package lists...
Building dependency tree...
Calculating upgrade...
The following NEW packages will be installed:
  adduser apt base-files base-passwd bash bsdutils coreutils dash debconf debian-archive-keyring debianutils diffutils dpkg findutils
  gcc-10-base gpgv grep gzip hostname init-system-helpers libacl1 libapt-pkg6.0 libattr1 libaudit-common libaudit1 libblkid1 libbz2-1.0
  libc-bin libc6 libcap-ng0 libcom-err2 libcrypt1 libdb5.3 libdebconfclient0 libffi7 libgcc-s1 libgcrypt20 libgmp10 libgnutls30
  libgpg-error0 libgssapi-krb5-2 libhogweed6 libidn2-0 libk5crypto3 libkeyutils1 libkrb5-3 libkrb5support0 liblz4-1 liblzma5 libmount1
  libnettle8 libnsl2 libp11-kit0 libpam-modules libpam-modules-bin libpam-runtime libpam0g libpcre2-8-0 libpcre3 libseccomp2 libselinux1
  libsemanage-common libsemanage1 libsepol1 libsmartcols1 libssl1.1 libstdc++6 libsystemd0 libtasn1-6 libtinfo6 libtirpc-common libtirpc3
  libudev1 libunistring2 libuuid1 libxxhash0 libzstd1 login lsb-base mawk ncurses-base ncurses-bin passwd perl-base sed sysvinit-utils tar
  util-linux zlib1g
0 upgraded, 89 newly installed, 0 to remove and 0 not upgraded.
Need to get 34.9 MB of archives.
After this operation, 121 MB of additional disk space will be used.
Get:1 http://deb.debian.org/debian bullseye/main amd64 gcc-10-base amd64 10.2.1-6 [201 kB]
Get:2 http://deb.debian.org/debian bullseye/main amd64 libcrypt1 amd64 1:4.4.18-4 [87.5 kB]
Get:3 http://deb.debian.org/debian bullseye-proposed-updates/main amd64 libc6 amd64 2.31-13+deb11u2 [2814 kB]
Get:4 http://deb.debian.org/debian bullseye/main amd64 libgcc-s1 amd64 10.2.1-6 [41.4 kB]
Get:5 http://deb.debian.org/debian bullseye/main amd64 mawk amd64 1.3.4.20200120-2 [112 kB]
Get:6 http://deb.debian.org/debian bullseye-proposed-updates/main amd64 base-files amd64 11.1+deb11u1 [70.0 kB]
Get:7 http://deb.debian.org/debian bullseye/main amd64 libtinfo6 amd64 6.2+20201114-2 [341 kB]
Get:8 http://deb.debian.org/debian bullseye/main amd64 debianutils amd64 4.11.2 [101 kB]
Get:9 http://deb.debian.org/debian bullseye/main amd64 bash amd64 5.1-2+b3 [1416 kB]
Get:10 http://deb.debian.org/debian bullseye/main amd64 libgpg-error0 amd64 1.38-2 [77.5 kB]
Get:11 http://deb.debian.org/debian bullseye/main amd64 libgcrypt20 amd64 1.8.7-6 [563 kB]
Get:12 http://deb.debian.org/debian bullseye/main amd64 liblz4-1 amd64 1.9.3-2 [57.5 kB]
Get:13 http://deb.debian.org/debian bullseye/main amd64 liblzma5 amd64 5.2.5-2 [168 kB]
Get:14 http://deb.debian.org/debian bullseye/main amd64 libzstd1 amd64 1.4.8+dfsg-2.1 [319 kB]
Get:15 http://deb.debian.org/debian bullseye/main amd64 libsystemd0 amd64 247.3-6 [376 kB]
Get:16 http://deb.debian.org/debian bullseye/main amd64 bsdutils amd64 1:2.36.1-8 [148 kB]
Get:17 http://deb.debian.org/debian bullseye/main amd64 libacl1 amd64 2.2.53-10 [31.1 kB]
Get:18 http://deb.debian.org/debian bullseye/main amd64 libattr1 amd64 1:2.4.48-6 [21.6 kB]
Get:19 http://deb.debian.org/debian bullseye/main amd64 libgmp10 amd64 2:6.2.1+dfsg-1 [564 kB]
Get:20 http://deb.debian.org/debian bullseye/main amd64 libpcre2-8-0 amd64 10.36-2 [247 kB]
Get:21 http://deb.debian.org/debian bullseye/main amd64 libselinux1 amd64 3.1-3 [88.1 kB]
Get:22 http://deb.debian.org/debian bullseye/main amd64 coreutils amd64 8.32-4+b1 [2867 kB]
Get:23 http://deb.debian.org/debian bullseye/main amd64 libbz2-1.0 amd64 1.0.8-4 [45.8 kB]
Get:24 http://deb.debian.org/debian bullseye/main amd64 zlib1g amd64 1:1.2.11.dfsg-2 [90.4 kB]
Get:25 http://deb.debian.org/debian bullseye/main amd64 tar amd64 1.34+dfsg-1 [847 kB]
Get:26 http://deb.debian.org/debian bullseye/main amd64 dpkg amd64 1.20.9 [2472 kB]
Get:27 http://deb.debian.org/debian bullseye-proposed-updates/main amd64 perl-base amd64 5.32.1-4+deb11u2 [1628 kB]
Get:28 http://deb.debian.org/debian bullseye/main amd64 debconf all 1.5.77 [144 kB]
Get:29 http://deb.debian.org/debian bullseye/main amd64 dash amd64 0.5.11+git20200708+dd9ef66-5 [115 kB]
Get:30 http://deb.debian.org/debian bullseye/main amd64 diffutils amd64 1:3.7-5 [373 kB]
Get:31 http://deb.debian.org/debian bullseye/main amd64 findutils amd64 4.8.0-1 [697 kB]
Get:32 http://deb.debian.org/debian bullseye/main amd64 libpcre3 amd64 2:8.39-13 [343 kB]
Get:33 http://deb.debian.org/debian bullseye/main amd64 grep amd64 3.6-1 [398 kB]
Get:34 http://deb.debian.org/debian bullseye/main amd64 gzip amd64 1.10-4 [132 kB]
Get:35 http://deb.debian.org/debian bullseye/main amd64 hostname amd64 3.23 [14.9 kB]
Get:36 http://deb.debian.org/debian bullseye/main amd64 libaudit-common all 1:3.0-2 [14.8 kB]
Get:37 http://deb.debian.org/debian bullseye/main amd64 libcap-ng0 amd64 0.7.9-2.2+b1 [14.8 kB]
Get:38 http://deb.debian.org/debian bullseye/main amd64 libaudit1 amd64 1:3.0-2 [50.4 kB]
Get:39 http://deb.debian.org/debian bullseye-proposed-updates/main amd64 libpam0g amd64 1.4.0-9+deb11u1 [129 kB]
Get:40 http://deb.debian.org/debian bullseye/main amd64 libdb5.3 amd64 5.3.28+dfsg1-0.8 [687 kB]
Get:41 http://deb.debian.org/debian bullseye/main amd64 libcom-err2 amd64 1.46.2-2 [74.2 kB]
Get:42 http://deb.debian.org/debian bullseye-proposed-updates/main amd64 libkrb5support0 amd64 1.18.3-6+deb11u1 [65.4 kB]
Get:43 http://deb.debian.org/debian bullseye-proposed-updates/main amd64 libk5crypto3 amd64 1.18.3-6+deb11u1 [114 kB]
Get:44 http://deb.debian.org/debian bullseye/main amd64 libkeyutils1 amd64 1.6.1-2 [15.4 kB]
Get:45 http://deb.debian.org/debian-security bullseye-security/main amd64 libssl1.1 amd64 1.1.1k-1+deb11u1 [1554 kB]
Get:46 http://deb.debian.org/debian bullseye-proposed-updates/main amd64 libkrb5-3 amd64 1.18.3-6+deb11u1 [363 kB]
Get:47 http://deb.debian.org/debian bullseye-proposed-updates/main amd64 libgssapi-krb5-2 amd64 1.18.3-6+deb11u1 [165 kB]
Get:48 http://deb.debian.org/debian bullseye/main amd64 libtirpc-common all 1.3.1-1 [13.4 kB]
Get:49 http://deb.debian.org/debian bullseye/main amd64 libtirpc3 amd64 1.3.1-1 [83.6 kB]
Get:50 http://deb.debian.org/debian bullseye/main amd64 libnsl2 amd64 1.3.0-2 [39.5 kB]
Get:51 http://deb.debian.org/debian bullseye-proposed-updates/main amd64 libpam-modules-bin amd64 1.4.0-9+deb11u1 [108 kB]
Get:52 http://deb.debian.org/debian bullseye-proposed-updates/main amd64 libpam-modules amd64 1.4.0-9+deb11u1 [326 kB]
Get:53 http://deb.debian.org/debian bullseye-proposed-updates/main amd64 libpam-runtime all 1.4.0-9+deb11u1 [207 kB]
Get:54 http://deb.debian.org/debian bullseye/main amd64 login amd64 1:4.8.1-1 [655 kB]
Get:55 http://deb.debian.org/debian bullseye/main amd64 ncurses-bin amd64 6.2+20201114-2 [428 kB]
Get:56 http://deb.debian.org/debian bullseye/main amd64 sed amd64 4.7-1 [310 kB]
Get:57 http://deb.debian.org/debian bullseye/main amd64 libblkid1 amd64 2.36.1-8 [193 kB]
Get:58 http://deb.debian.org/debian bullseye/main amd64 libmount1 amd64 2.36.1-8 [211 kB]
Get:59 http://deb.debian.org/debian bullseye/main amd64 libsmartcols1 amd64 2.36.1-8 [157 kB]
Get:60 http://deb.debian.org/debian bullseye/main amd64 libudev1 amd64 247.3-6 [168 kB]
Get:61 http://deb.debian.org/debian bullseye/main amd64 libuuid1 amd64 2.36.1-8 [83.7 kB]
Get:62 http://deb.debian.org/debian bullseye/main amd64 util-linux amd64 2.36.1-8 [1139 kB]
Get:63 http://deb.debian.org/debian bullseye/main amd64 libsemanage-common all 3.1-1 [21.3 kB]
Get:64 http://deb.debian.org/debian bullseye/main amd64 libsepol1 amd64 3.1-1 [265 kB]
Get:65 http://deb.debian.org/debian bullseye/main amd64 libsemanage1 amd64 3.1-1+b2 [99.3 kB]
Get:66 http://deb.debian.org/debian bullseye/main amd64 passwd amd64 1:4.8.1-1 [990 kB]
Get:67 http://deb.debian.org/debian bullseye/main amd64 adduser all 3.118 [240 kB]
Get:68 http://deb.debian.org/debian bullseye/main amd64 gpgv amd64 2.2.27-2 [626 kB]
Get:69 http://deb.debian.org/debian bullseye/main amd64 libstdc++6 amd64 10.2.1-6 [493 kB]
Get:70 http://deb.debian.org/debian bullseye/main amd64 libxxhash0 amd64 0.8.0-2 [26.9 kB]
Get:71 http://deb.debian.org/debian bullseye/main amd64 libapt-pkg6.0 amd64 2.2.4 [1013 kB]
Get:72 http://deb.debian.org/debian bullseye/main amd64 debian-archive-keyring all 2021.1.1 [93.6 kB]
Get:73 http://deb.debian.org/debian bullseye/main amd64 libnettle8 amd64 3.7.3-1 [270 kB]
Get:74 http://deb.debian.org/debian bullseye/main amd64 libhogweed6 amd64 3.7.3-1 [320 kB]
Get:75 http://deb.debian.org/debian bullseye/main amd64 libunistring2 amd64 0.9.10-4 [379 kB]
Get:76 http://deb.debian.org/debian bullseye/main amd64 libidn2-0 amd64 2.3.0-5 [86.1 kB]
Get:77 http://deb.debian.org/debian bullseye/main amd64 libffi7 amd64 3.3-6 [23.1 kB]
Get:78 http://deb.debian.org/debian bullseye/main amd64 libp11-kit0 amd64 0.23.22-1 [337 kB]
Get:79 http://deb.debian.org/debian bullseye/main amd64 libtasn1-6 amd64 4.16.0-2 [55.0 kB]
Get:80 http://deb.debian.org/debian bullseye/main amd64 libgnutls30 amd64 3.7.1-5 [1340 kB]
Get:81 http://deb.debian.org/debian bullseye/main amd64 libseccomp2 amd64 2.5.1-1 [48.4 kB]
Get:82 http://deb.debian.org/debian bullseye/main amd64 apt amd64 2.2.4 [1491 kB]
Get:83 http://deb.debian.org/debian bullseye/main amd64 libdebconfclient0 amd64 0.260 [50.6 kB]
Get:84 http://deb.debian.org/debian bullseye/main amd64 base-passwd amd64 3.5.51 [58.1 kB]
Get:85 http://deb.debian.org/debian bullseye/main amd64 init-system-helpers all 1.60 [47.1 kB]
Get:86 http://deb.debian.org/debian bullseye-proposed-updates/main amd64 libc-bin amd64 2.31-13+deb11u2 [817 kB]
Get:87 http://deb.debian.org/debian bullseye/main amd64 ncurses-base all 6.2+20201114-2 [271 kB]
Get:88 http://deb.debian.org/debian bullseye/main amd64 lsb-base all 11.1.0 [28.7 kB]
Get:89 http://deb.debian.org/debian bullseye/main amd64 sysvinit-utils amd64 2.96-7 [25.3 kB]
Fetched 34.9 MB in 10s (3527 kB/s)
Download complete and in download only mode
I: extracting archives...
I: installing essential packages...
Selecting previously unselected package adduser.
(Reading database ... 0 files and directories currently installed.)
Preparing to unpack ...//adduser_3.118_all.deb ...
Unpacking adduser (3.118) ...
Selecting previously unselected package apt.
Preparing to unpack .../archives//apt_2.2.4_amd64.deb ...
Unpacking apt (2.2.4) ...
Selecting previously unselected package base-files.
dpkg: regarding .../base-files_11.1+deb11u1_amd64.deb containing base-files, pre-dependency problem:
 base-files pre-depends on awk
  awk is not installed.

dpkg: warning: ignoring pre-dependency problem!
Preparing to unpack .../base-files_11.1+deb11u1_amd64.deb ...
Unpacking base-files (11.1+deb11u1) ...
Selecting previously unselected package base-passwd.
Preparing to unpack ...//base-passwd_3.5.51_amd64.deb ...
Unpacking base-passwd (3.5.51) ...
Selecting previously unselected package bash.
dpkg: regarding ...//bash_5.1-2+b3_amd64.deb containing bash, pre-dependency problem:
 bash pre-depends on libc6 (>= 2.25)
  libc6 is not installed.

dpkg: warning: ignoring pre-dependency problem!
dpkg: regarding ...//bash_5.1-2+b3_amd64.deb containing bash, pre-dependency problem:
 bash pre-depends on libtinfo6 (>= 6)
  libtinfo6 is not installed.

dpkg: warning: ignoring pre-dependency problem!
Preparing to unpack ...//bash_5.1-2+b3_amd64.deb ...
Unpacking bash (5.1-2+b3) ...
Selecting previously unselected package bsdutils.
dpkg: regarding .../bsdutils_1%3a2.36.1-8_amd64.deb containing bsdutils, pre-dependency problem:
 bsdutils pre-depends on libc6 (>= 2.17)
  libc6 is not installed.

dpkg: warning: ignoring pre-dependency problem!
dpkg: regarding .../bsdutils_1%3a2.36.1-8_amd64.deb containing bsdutils, pre-dependency problem:
 bsdutils pre-depends on libsystemd0
  libsystemd0 is not installed.

dpkg: warning: ignoring pre-dependency problem!
Preparing to unpack .../bsdutils_1%3a2.36.1-8_amd64.deb ...
Unpacking bsdutils (1:2.36.1-8) ...
Selecting previously unselected package coreutils.
dpkg: regarding ...//coreutils_8.32-4+b1_amd64.deb containing coreutils, pre-dependency problem:
 coreutils pre-depends on libacl1 (>= 2.2.23)
  libacl1 is not installed.

dpkg: warning: ignoring pre-dependency problem!
dpkg: regarding ...//coreutils_8.32-4+b1_amd64.deb containing coreutils, pre-dependency problem:
 coreutils pre-depends on libattr1 (>= 1:2.4.44)
  libattr1 is not installed.

dpkg: warning: ignoring pre-dependency problem!
dpkg: regarding ...//coreutils_8.32-4+b1_amd64.deb containing coreutils, pre-dependency problem:
 coreutils pre-depends on libc6 (>= 2.28)
  libc6 is not installed.

dpkg: warning: ignoring pre-dependency problem!
dpkg: regarding ...//coreutils_8.32-4+b1_amd64.deb containing coreutils, pre-dependency problem:
 coreutils pre-depends on libgmp10
  libgmp10 is not installed.

dpkg: warning: ignoring pre-dependency problem!
dpkg: regarding ...//coreutils_8.32-4+b1_amd64.deb containing coreutils, pre-dependency problem:
 coreutils pre-depends on libselinux1 (>= 3.1~)
  libselinux1 is not installed.

dpkg: warning: ignoring pre-dependency problem!
Preparing to unpack ...//coreutils_8.32-4+b1_amd64.deb ...
Unpacking coreutils (8.32-4+b1) ...
Selecting previously unselected package dash.
dpkg: regarding .../dash_0.5.11+git20200708+dd9ef66-5_amd64.deb containing dash, pre-dependency problem:
 dash pre-depends on libc6 (>= 2.14)
  libc6 is not installed.

dpkg: warning: ignoring pre-dependency problem!
Preparing to unpack .../dash_0.5.11+git20200708+dd9ef66-5_amd64.deb ...
Unpacking dash (0.5.11+git20200708+dd9ef66-5) ...
Selecting previously unselected package debconf.
dpkg: regarding ...//debconf_1.5.77_all.deb containing debconf, pre-dependency problem:
 debconf pre-depends on perl-base (>= 5.20.1-3~)
  perl-base is not installed.

dpkg: warning: ignoring pre-dependency problem!
Preparing to unpack ...//debconf_1.5.77_all.deb ...
Unpacking debconf (1.5.77) ...
Selecting previously unselected package debian-archive-keyring.
Preparing to unpack .../debian-archive-keyring_2021.1.1_all.deb ...
Unpacking debian-archive-keyring (2021.1.1) ...
Selecting previously unselected package debianutils.
dpkg: regarding ...//debianutils_4.11.2_amd64.deb containing debianutils, pre-dependency problem:
 debianutils pre-depends on libc6 (>= 2.15)
  libc6 is not installed.

dpkg: warning: ignoring pre-dependency problem!
Preparing to unpack ...//debianutils_4.11.2_amd64.deb ...
Unpacking debianutils (4.11.2) ...
Selecting previously unselected package diffutils.
dpkg: regarding ...//diffutils_1%3a3.7-5_amd64.deb containing diffutils, pre-dependency problem:
 diffutils pre-depends on libc6 (>= 2.17)
  libc6 is not installed.

dpkg: warning: ignoring pre-dependency problem!
Preparing to unpack ...//diffutils_1%3a3.7-5_amd64.deb ...
Unpacking diffutils (1:3.7-5) ...
Selecting previously unselected package dpkg.
dpkg: regarding ...//dpkg_1.20.9_amd64.deb containing dpkg, pre-dependency problem:
 dpkg pre-depends on libbz2-1.0
  libbz2-1.0 is not installed.

dpkg: warning: ignoring pre-dependency problem!
dpkg: regarding ...//dpkg_1.20.9_amd64.deb containing dpkg, pre-dependency problem:
 dpkg pre-depends on libc6 (>= 2.15)
  libc6 is not installed.

dpkg: warning: ignoring pre-dependency problem!
dpkg: regarding ...//dpkg_1.20.9_amd64.deb containing dpkg, pre-dependency problem:
 dpkg pre-depends on liblzma5 (>= 5.2.2)
  liblzma5 is not installed.

dpkg: warning: ignoring pre-dependency problem!
dpkg: regarding ...//dpkg_1.20.9_amd64.deb containing dpkg, pre-dependency problem:
 dpkg pre-depends on libselinux1 (>= 3.1~)
  libselinux1 is not installed.

dpkg: warning: ignoring pre-dependency problem!
dpkg: regarding ...//dpkg_1.20.9_amd64.deb containing dpkg, pre-dependency problem:
 dpkg pre-depends on zlib1g (>= 1:1.1.4)
  zlib1g is not installed.

dpkg: warning: ignoring pre-dependency problem!
Preparing to unpack ...//dpkg_1.20.9_amd64.deb ...
Unpacking dpkg (1.20.9) ...
Selecting previously unselected package findutils.
dpkg: regarding ...//findutils_4.8.0-1_amd64.deb containing findutils, pre-dependency problem:
 findutils pre-depends on libc6 (>= 2.17)
  libc6 is not installed.

dpkg: warning: ignoring pre-dependency problem!
dpkg: regarding ...//findutils_4.8.0-1_amd64.deb containing findutils, pre-dependency problem:
 findutils pre-depends on libselinux1 (>= 3.1~)
  libselinux1 is not installed.

dpkg: warning: ignoring pre-dependency problem!
Preparing to unpack ...//findutils_4.8.0-1_amd64.deb ...
Unpacking findutils (4.8.0-1) ...
Selecting previously unselected package gcc-10-base:amd64.
Preparing to unpack .../gcc-10-base_10.2.1-6_amd64.deb ...
Unpacking gcc-10-base:amd64 (10.2.1-6) ...
Selecting previously unselected package gpgv.
Preparing to unpack ...//gpgv_2.2.27-2_amd64.deb ...
Unpacking gpgv (2.2.27-2) ...
Selecting previously unselected package grep.
dpkg: regarding .../archives//grep_3.6-1_amd64.deb containing grep, pre-dependency problem:
 grep pre-depends on libc6 (>= 2.14)
  libc6 is not installed.

dpkg: warning: ignoring pre-dependency problem!
dpkg: regarding .../archives//grep_3.6-1_amd64.deb containing grep, pre-dependency problem:
 grep pre-depends on libpcre3
  libpcre3 is not installed.

dpkg: warning: ignoring pre-dependency problem!
Preparing to unpack .../archives//grep_3.6-1_amd64.deb ...
Unpacking grep (3.6-1) ...
Selecting previously unselected package gzip.
dpkg: regarding ...//gzip_1.10-4_amd64.deb containing gzip, pre-dependency problem:
 gzip pre-depends on libc6 (>= 2.17)
  libc6 is not installed.

dpkg: warning: ignoring pre-dependency problem!
Preparing to unpack ...//gzip_1.10-4_amd64.deb ...
Unpacking gzip (1.10-4) ...
Selecting previously unselected package hostname.
dpkg: regarding ...//hostname_3.23_amd64.deb containing hostname, pre-dependency problem:
 hostname pre-depends on libc6 (>= 2.4)
  libc6 is not installed.

dpkg: warning: ignoring pre-dependency problem!
Preparing to unpack ...//hostname_3.23_amd64.deb ...
Unpacking hostname (3.23) ...
Selecting previously unselected package init-system-helpers.
Preparing to unpack .../init-system-helpers_1.60_all.deb ...
Unpacking init-system-helpers (1.60) ...
Selecting previously unselected package libacl1:amd64.
Preparing to unpack ...//libacl1_2.2.53-10_amd64.deb ...
Unpacking libacl1:amd64 (2.2.53-10) ...
Selecting previously unselected package libapt-pkg6.0:amd64.
Preparing to unpack ...//libapt-pkg6.0_2.2.4_amd64.deb ...
Unpacking libapt-pkg6.0:amd64 (2.2.4) ...
Selecting previously unselected package libattr1:amd64.
Preparing to unpack .../libattr1_1%3a2.4.48-6_amd64.deb ...
Unpacking libattr1:amd64 (1:2.4.48-6) ...
Selecting previously unselected package libaudit-common.
Preparing to unpack .../libaudit-common_1%3a3.0-2_all.deb ...
Unpacking libaudit-common (1:3.0-2) ...
Selecting previously unselected package libaudit1:amd64.
Preparing to unpack ...//libaudit1_1%3a3.0-2_amd64.deb ...
Unpacking libaudit1:amd64 (1:3.0-2) ...
Selecting previously unselected package libblkid1:amd64.
Preparing to unpack ...//libblkid1_2.36.1-8_amd64.deb ...
Unpacking libblkid1:amd64 (2.36.1-8) ...
Selecting previously unselected package libbz2-1.0:amd64.
Preparing to unpack ...//libbz2-1.0_1.0.8-4_amd64.deb ...
Unpacking libbz2-1.0:amd64 (1.0.8-4) ...
Selecting previously unselected package libc-bin.
Preparing to unpack .../libc-bin_2.31-13+deb11u2_amd64.deb ...
Unpacking libc-bin (2.31-13+deb11u2) ...
Selecting previously unselected package libc6:amd64.
Preparing to unpack .../libc6_2.31-13+deb11u2_amd64.deb ...
Unpacking libc6:amd64 (2.31-13+deb11u2) ...
Selecting previously unselected package libcap-ng0:amd64.
Preparing to unpack .../libcap-ng0_0.7.9-2.2+b1_amd64.deb ...
Unpacking libcap-ng0:amd64 (0.7.9-2.2+b1) ...
Selecting previously unselected package libcom-err2:amd64.
Preparing to unpack .../libcom-err2_1.46.2-2_amd64.deb ...
Unpacking libcom-err2:amd64 (1.46.2-2) ...
Selecting previously unselected package libcrypt1:amd64.
Preparing to unpack .../libcrypt1_1%3a4.4.18-4_amd64.deb ...
Unpacking libcrypt1:amd64 (1:4.4.18-4) ...
Selecting previously unselected package libdb5.3:amd64.
Preparing to unpack .../libdb5.3_5.3.28+dfsg1-0.8_amd64.deb ...
Unpacking libdb5.3:amd64 (5.3.28+dfsg1-0.8) ...
Selecting previously unselected package libdebconfclient0:amd64.
Preparing to unpack .../libdebconfclient0_0.260_amd64.deb ...
Unpacking libdebconfclient0:amd64 (0.260) ...
Selecting previously unselected package libffi7:amd64.
Preparing to unpack ...//libffi7_3.3-6_amd64.deb ...
Unpacking libffi7:amd64 (3.3-6) ...
Selecting previously unselected package libgcc-s1:amd64.
Preparing to unpack ...//libgcc-s1_10.2.1-6_amd64.deb ...
Unpacking libgcc-s1:amd64 (10.2.1-6) ...
Selecting previously unselected package libgcrypt20:amd64.
Preparing to unpack ...//libgcrypt20_1.8.7-6_amd64.deb ...
Unpacking libgcrypt20:amd64 (1.8.7-6) ...
Selecting previously unselected package libgmp10:amd64.
Preparing to unpack .../libgmp10_2%3a6.2.1+dfsg-1_amd64.deb ...
Unpacking libgmp10:amd64 (2:6.2.1+dfsg-1) ...
Selecting previously unselected package libgnutls30:amd64.
Preparing to unpack ...//libgnutls30_3.7.1-5_amd64.deb ...
Unpacking libgnutls30:amd64 (3.7.1-5) ...
Selecting previously unselected package libgpg-error0:amd64.
Preparing to unpack .../libgpg-error0_1.38-2_amd64.deb ...
Unpacking libgpg-error0:amd64 (1.38-2) ...
Selecting previously unselected package libgssapi-krb5-2:amd64.
Preparing to unpack .../libgssapi-krb5-2_1.18.3-6+deb11u1_amd64.deb ...
Unpacking libgssapi-krb5-2:amd64 (1.18.3-6+deb11u1) ...
Selecting previously unselected package libhogweed6:amd64.
Preparing to unpack ...//libhogweed6_3.7.3-1_amd64.deb ...
Unpacking libhogweed6:amd64 (3.7.3-1) ...
Selecting previously unselected package libidn2-0:amd64.
Preparing to unpack ...//libidn2-0_2.3.0-5_amd64.deb ...
Unpacking libidn2-0:amd64 (2.3.0-5) ...
Selecting previously unselected package libk5crypto3:amd64.
Preparing to unpack .../libk5crypto3_1.18.3-6+deb11u1_amd64.deb ...
Unpacking libk5crypto3:amd64 (1.18.3-6+deb11u1) ...
Selecting previously unselected package libkeyutils1:amd64.
Preparing to unpack .../libkeyutils1_1.6.1-2_amd64.deb ...
Unpacking libkeyutils1:amd64 (1.6.1-2) ...
Selecting previously unselected package libkrb5-3:amd64.
Preparing to unpack .../libkrb5-3_1.18.3-6+deb11u1_amd64.deb ...
Unpacking libkrb5-3:amd64 (1.18.3-6+deb11u1) ...
Selecting previously unselected package libkrb5support0:amd64.
Preparing to unpack .../libkrb5support0_1.18.3-6+deb11u1_amd64.deb ...
Unpacking libkrb5support0:amd64 (1.18.3-6+deb11u1) ...
Selecting previously unselected package liblz4-1:amd64.
Preparing to unpack ...//liblz4-1_1.9.3-2_amd64.deb ...
Unpacking liblz4-1:amd64 (1.9.3-2) ...
Selecting previously unselected package liblzma5:amd64.
Preparing to unpack ...//liblzma5_5.2.5-2_amd64.deb ...
Unpacking liblzma5:amd64 (5.2.5-2) ...
Selecting previously unselected package libmount1:amd64.
Preparing to unpack ...//libmount1_2.36.1-8_amd64.deb ...
Unpacking libmount1:amd64 (2.36.1-8) ...
Selecting previously unselected package libnettle8:amd64.
Preparing to unpack ...//libnettle8_3.7.3-1_amd64.deb ...
Unpacking libnettle8:amd64 (3.7.3-1) ...
Selecting previously unselected package libnsl2:amd64.
Preparing to unpack ...//libnsl2_1.3.0-2_amd64.deb ...
Unpacking libnsl2:amd64 (1.3.0-2) ...
Selecting previously unselected package libp11-kit0:amd64.
Preparing to unpack .../libp11-kit0_0.23.22-1_amd64.deb ...
Unpacking libp11-kit0:amd64 (0.23.22-1) ...
Selecting previously unselected package libpam-modules-bin.
Preparing to unpack .../libpam-modules-bin_1.4.0-9+deb11u1_amd64.deb ...
Unpacking libpam-modules-bin (1.4.0-9+deb11u1) ...
Selecting previously unselected package libpam-modules:amd64.
dpkg: regarding .../libpam-modules_1.4.0-9+deb11u1_amd64.deb containing libpam-modules:amd64, pre-dependency problem:
 libpam-modules pre-depends on libaudit1 (>= 1:2.2.1)
  libaudit1:amd64 is unpacked, but has never been configured.

dpkg: warning: ignoring pre-dependency problem!
dpkg: regarding .../libpam-modules_1.4.0-9+deb11u1_amd64.deb containing libpam-modules:amd64, pre-dependency problem:
 libpam-modules pre-depends on libc6 (>= 2.27)
  libc6:amd64 is unpacked, but has never been configured.

dpkg: warning: ignoring pre-dependency problem!
dpkg: regarding .../libpam-modules_1.4.0-9+deb11u1_amd64.deb containing libpam-modules:amd64, pre-dependency problem:
 libpam-modules pre-depends on libcrypt1 (>= 1:4.3.0)
  libcrypt1:amd64 is unpacked, but has never been configured.

dpkg: warning: ignoring pre-dependency problem!
dpkg: regarding .../libpam-modules_1.4.0-9+deb11u1_amd64.deb containing libpam-modules:amd64, pre-dependency problem:
 libpam-modules pre-depends on libdb5.3
  libdb5.3:amd64 is unpacked, but has never been configured.

dpkg: warning: ignoring pre-dependency problem!
dpkg: regarding .../libpam-modules_1.4.0-9+deb11u1_amd64.deb containing libpam-modules:amd64, pre-dependency problem:
 libpam-modules pre-depends on libnsl2 (>= 1.0)
  libnsl2:amd64 is unpacked, but has never been configured.

dpkg: warning: ignoring pre-dependency problem!
dpkg: regarding .../libpam-modules_1.4.0-9+deb11u1_amd64.deb containing libpam-modules:amd64, pre-dependency problem:
 libpam-modules pre-depends on libpam0g (>= 1.3.2)
  libpam0g is not installed.

dpkg: warning: ignoring pre-dependency problem!
dpkg: regarding .../libpam-modules_1.4.0-9+deb11u1_amd64.deb containing libpam-modules:amd64, pre-dependency problem:
 libpam-modules pre-depends on libselinux1 (>= 3.1~)
  libselinux1 is not installed.

dpkg: warning: ignoring pre-dependency problem!
dpkg: regarding .../libpam-modules_1.4.0-9+deb11u1_amd64.deb containing libpam-modules:amd64, pre-dependency problem:
 libpam-modules pre-depends on libtirpc3 (>= 1.0.2)
  libtirpc3 is not installed.

dpkg: warning: ignoring pre-dependency problem!
dpkg: regarding .../libpam-modules_1.4.0-9+deb11u1_amd64.deb containing libpam-modules:amd64, pre-dependency problem:
 libpam-modules pre-depends on debconf (>= 0.5) | debconf-2.0
  debconf is unpacked, but has never been configured.
  debconf provides debconf-2.0 but is unpacked but not configured.

dpkg: warning: ignoring pre-dependency problem!
dpkg: regarding .../libpam-modules_1.4.0-9+deb11u1_amd64.deb containing libpam-modules:amd64, pre-dependency problem:
 libpam-modules pre-depends on libpam-modules-bin (= 1.4.0-9+deb11u1)
  libpam-modules-bin is unpacked, but has never been configured.

dpkg: warning: ignoring pre-dependency problem!
Preparing to unpack .../libpam-modules_1.4.0-9+deb11u1_amd64.deb ...
Unpacking libpam-modules:amd64 (1.4.0-9+deb11u1) ...
Selecting previously unselected package libpam-runtime.
Preparing to unpack .../libpam-runtime_1.4.0-9+deb11u1_all.deb ...
Unpacking libpam-runtime (1.4.0-9+deb11u1) ...
Selecting previously unselected package libpam0g:amd64.
Preparing to unpack .../libpam0g_1.4.0-9+deb11u1_amd64.deb ...
Unpacking libpam0g:amd64 (1.4.0-9+deb11u1) ...
Selecting previously unselected package libpcre2-8-0:amd64.
Preparing to unpack .../libpcre2-8-0_10.36-2_amd64.deb ...
Unpacking libpcre2-8-0:amd64 (10.36-2) ...
Selecting previously unselected package libpcre3:amd64.
Preparing to unpack .../libpcre3_2%3a8.39-13_amd64.deb ...
Unpacking libpcre3:amd64 (2:8.39-13) ...
Selecting previously unselected package libseccomp2:amd64.
Preparing to unpack ...//libseccomp2_2.5.1-1_amd64.deb ...
Unpacking libseccomp2:amd64 (2.5.1-1) ...
Selecting previously unselected package libselinux1:amd64.
Preparing to unpack ...//libselinux1_3.1-3_amd64.deb ...
Unpacking libselinux1:amd64 (3.1-3) ...
Selecting previously unselected package libsemanage-common.
Preparing to unpack .../libsemanage-common_3.1-1_all.deb ...
Unpacking libsemanage-common (3.1-1) ...
Selecting previously unselected package libsemanage1:amd64.
Preparing to unpack .../libsemanage1_3.1-1+b2_amd64.deb ...
Unpacking libsemanage1:amd64 (3.1-1+b2) ...
Selecting previously unselected package libsepol1:amd64.
Preparing to unpack ...//libsepol1_3.1-1_amd64.deb ...
Unpacking libsepol1:amd64 (3.1-1) ...
Selecting previously unselected package libsmartcols1:amd64.
Preparing to unpack .../libsmartcols1_2.36.1-8_amd64.deb ...
Unpacking libsmartcols1:amd64 (2.36.1-8) ...
Selecting previously unselected package libssl1.1:amd64.
Preparing to unpack .../libssl1.1_1.1.1k-1+deb11u1_amd64.deb ...
Unpacking libssl1.1:amd64 (1.1.1k-1+deb11u1) ...
Selecting previously unselected package libstdc++6:amd64.
Preparing to unpack ...//libstdc++6_10.2.1-6_amd64.deb ...
Unpacking libstdc++6:amd64 (10.2.1-6) ...
Selecting previously unselected package libsystemd0:amd64.
dpkg: regarding ...//libsystemd0_247.3-6_amd64.deb containing libsystemd0:amd64, pre-dependency problem:
 libsystemd0 pre-depends on libc6 (>= 2.30)
  libc6:amd64 is unpacked, but has never been configured.

dpkg: warning: ignoring pre-dependency problem!
dpkg: regarding ...//libsystemd0_247.3-6_amd64.deb containing libsystemd0:amd64, pre-dependency problem:
 libsystemd0 pre-depends on libgcrypt20 (>= 1.8.0)
  libgcrypt20:amd64 is unpacked, but has never been configured.

dpkg: warning: ignoring pre-dependency problem!
dpkg: regarding ...//libsystemd0_247.3-6_amd64.deb containing libsystemd0:amd64, pre-dependency problem:
 libsystemd0 pre-depends on liblz4-1 (>= 0.0~r122)
  liblz4-1:amd64 is unpacked, but has never been configured.

dpkg: warning: ignoring pre-dependency problem!
dpkg: regarding ...//libsystemd0_247.3-6_amd64.deb containing libsystemd0:amd64, pre-dependency problem:
 libsystemd0 pre-depends on liblzma5 (>= 5.1.1alpha+20120614)
  liblzma5:amd64 is unpacked, but has never been configured.

dpkg: warning: ignoring pre-dependency problem!
dpkg: regarding ...//libsystemd0_247.3-6_amd64.deb containing libsystemd0:amd64, pre-dependency problem:
 libsystemd0 pre-depends on libzstd1 (>= 1.4.0)
  libzstd1 is not installed.

dpkg: warning: ignoring pre-dependency problem!
Preparing to unpack ...//libsystemd0_247.3-6_amd64.deb ...
Unpacking libsystemd0:amd64 (247.3-6) ...
Selecting previously unselected package libtasn1-6:amd64.
Preparing to unpack ...//libtasn1-6_4.16.0-2_amd64.deb ...
Unpacking libtasn1-6:amd64 (4.16.0-2) ...
Selecting previously unselected package libtinfo6:amd64.
Preparing to unpack .../libtinfo6_6.2+20201114-2_amd64.deb ...
Unpacking libtinfo6:amd64 (6.2+20201114-2) ...
Selecting previously unselected package libtirpc-common.
Preparing to unpack .../libtirpc-common_1.3.1-1_all.deb ...
Unpacking libtirpc-common (1.3.1-1) ...
Selecting previously unselected package libtirpc3:amd64.
Preparing to unpack ...//libtirpc3_1.3.1-1_amd64.deb ...
Unpacking libtirpc3:amd64 (1.3.1-1) ...
Selecting previously unselected package libudev1:amd64.
Preparing to unpack ...//libudev1_247.3-6_amd64.deb ...
Unpacking libudev1:amd64 (247.3-6) ...
Selecting previously unselected package libunistring2:amd64.
Preparing to unpack .../libunistring2_0.9.10-4_amd64.deb ...
Unpacking libunistring2:amd64 (0.9.10-4) ...
Selecting previously unselected package libuuid1:amd64.
Preparing to unpack ...//libuuid1_2.36.1-8_amd64.deb ...
Unpacking libuuid1:amd64 (2.36.1-8) ...
Selecting previously unselected package libxxhash0:amd64.
Preparing to unpack ...//libxxhash0_0.8.0-2_amd64.deb ...
Unpacking libxxhash0:amd64 (0.8.0-2) ...
Selecting previously unselected package libzstd1:amd64.
Preparing to unpack .../libzstd1_1.4.8+dfsg-2.1_amd64.deb ...
Unpacking libzstd1:amd64 (1.4.8+dfsg-2.1) ...
Selecting previously unselected package login.
dpkg: regarding ...//login_1%3a4.8.1-1_amd64.deb containing login, pre-dependency problem:
 login pre-depends on libaudit1 (>= 1:2.2.1)
  libaudit1:amd64 is unpacked, but has never been configured.

dpkg: warning: ignoring pre-dependency problem!
dpkg: regarding ...//login_1%3a4.8.1-1_amd64.deb containing login, pre-dependency problem:
 login pre-depends on libc6 (>= 2.14)
  libc6:amd64 is unpacked, but has never been configured.

dpkg: warning: ignoring pre-dependency problem!
dpkg: regarding ...//login_1%3a4.8.1-1_amd64.deb containing login, pre-dependency problem:
 login pre-depends on libcrypt1 (>= 1:4.1.0)
  libcrypt1:amd64 is unpacked, but has never been configured.

dpkg: warning: ignoring pre-dependency problem!
dpkg: regarding ...//login_1%3a4.8.1-1_amd64.deb containing login, pre-dependency problem:
 login pre-depends on libpam0g (>= 0.99.7.1)
  libpam0g:amd64 is unpacked, but has never been configured.

dpkg: warning: ignoring pre-dependency problem!
dpkg: regarding ...//login_1%3a4.8.1-1_amd64.deb containing login, pre-dependency problem:
 login pre-depends on libpam-runtime
  libpam-runtime is unpacked, but has never been configured.

dpkg: warning: ignoring pre-dependency problem!
dpkg: regarding ...//login_1%3a4.8.1-1_amd64.deb containing login, pre-dependency problem:
 login pre-depends on libpam-modules (>= 1.1.8-1)
  libpam-modules:amd64 is unpacked, but has never been configured.

dpkg: warning: ignoring pre-dependency problem!
Preparing to unpack ...//login_1%3a4.8.1-1_amd64.deb ...
Unpacking login (1:4.8.1-1) ...
Selecting previously unselected package lsb-base.
Preparing to unpack ...//lsb-base_11.1.0_all.deb ...
Unpacking lsb-base (11.1.0) ...
Selecting previously unselected package mawk.
Preparing to unpack .../mawk_1.3.4.20200120-2_amd64.deb ...
Unpacking mawk (1.3.4.20200120-2) ...
Selecting previously unselected package ncurses-base.
Preparing to unpack .../ncurses-base_6.2+20201114-2_all.deb ...
Unpacking ncurses-base (6.2+20201114-2) ...
Selecting previously unselected package ncurses-bin.
dpkg: regarding .../ncurses-bin_6.2+20201114-2_amd64.deb containing ncurses-bin, pre-dependency problem:
 ncurses-bin pre-depends on libc6 (>= 2.14)
  libc6:amd64 is unpacked, but has never been configured.

dpkg: warning: ignoring pre-dependency problem!
dpkg: regarding .../ncurses-bin_6.2+20201114-2_amd64.deb containing ncurses-bin, pre-dependency problem:
 ncurses-bin pre-depends on libtinfo6 (>= 6.2+20200912)
  libtinfo6:amd64 is unpacked, but has never been configured.

dpkg: warning: ignoring pre-dependency problem!
dpkg: regarding .../ncurses-bin_6.2+20201114-2_amd64.deb containing ncurses-bin, pre-dependency problem:
 ncurses-bin pre-depends on libtinfo6 (<< 6.3~)
  libtinfo6:amd64 is unpacked, but has never been configured.

dpkg: warning: ignoring pre-dependency problem!
Preparing to unpack .../ncurses-bin_6.2+20201114-2_amd64.deb ...
Unpacking ncurses-bin (6.2+20201114-2) ...
Selecting previously unselected package passwd.
Preparing to unpack ...//passwd_1%3a4.8.1-1_amd64.deb ...
Unpacking passwd (1:4.8.1-1) ...
Selecting previously unselected package perl-base.
dpkg: regarding .../perl-base_5.32.1-4+deb11u2_amd64.deb containing perl-base, pre-dependency problem:
 perl-base pre-depends on libc6 (>= 2.29)
  libc6:amd64 is unpacked, but has never been configured.

dpkg: warning: ignoring pre-dependency problem!
dpkg: regarding .../perl-base_5.32.1-4+deb11u2_amd64.deb containing perl-base, pre-dependency problem:
 perl-base pre-depends on libcrypt1 (>= 1:4.1.0)
  libcrypt1:amd64 is unpacked, but has never been configured.

dpkg: warning: ignoring pre-dependency problem!
dpkg: regarding .../perl-base_5.32.1-4+deb11u2_amd64.deb containing perl-base, pre-dependency problem:
 perl-base pre-depends on dpkg (>= 1.17.17)
  dpkg is unpacked, but has never been configured.

dpkg: warning: ignoring pre-dependency problem!
Preparing to unpack .../perl-base_5.32.1-4+deb11u2_amd64.deb ...
Unpacking perl-base (5.32.1-4+deb11u2) ...
Selecting previously unselected package sed.
dpkg: regarding .../archives//sed_4.7-1_amd64.deb containing sed, pre-dependency problem:
 sed pre-depends on libacl1 (>= 2.2.51-8)
  libacl1:amd64 is unpacked, but has never been configured.

dpkg: warning: ignoring pre-dependency problem!
dpkg: regarding .../archives//sed_4.7-1_amd64.deb containing sed, pre-dependency problem:
 sed pre-depends on libc6 (>= 2.14)
  libc6:amd64 is unpacked, but has never been configured.

dpkg: warning: ignoring pre-dependency problem!
dpkg: regarding .../archives//sed_4.7-1_amd64.deb containing sed, pre-dependency problem:
 sed pre-depends on libselinux1 (>= 1.32)
  libselinux1:amd64 is unpacked, but has never been configured.

dpkg: warning: ignoring pre-dependency problem!
Preparing to unpack .../archives//sed_4.7-1_amd64.deb ...
Unpacking sed (4.7-1) ...
Selecting previously unselected package sysvinit-utils.
Preparing to unpack .../sysvinit-utils_2.96-7_amd64.deb ...
Unpacking sysvinit-utils (2.96-7) ...
Selecting previously unselected package tar.
dpkg: regarding ...//tar_1.34+dfsg-1_amd64.deb containing tar, pre-dependency problem:
 tar pre-depends on libacl1 (>= 2.2.23)
  libacl1:amd64 is unpacked, but has never been configured.

dpkg: warning: ignoring pre-dependency problem!
dpkg: regarding ...//tar_1.34+dfsg-1_amd64.deb containing tar, pre-dependency problem:
 tar pre-depends on libc6 (>= 2.28)
  libc6:amd64 is unpacked, but has never been configured.

dpkg: warning: ignoring pre-dependency problem!
dpkg: regarding ...//tar_1.34+dfsg-1_amd64.deb containing tar, pre-dependency problem:
 tar pre-depends on libselinux1 (>= 3.1~)
  libselinux1:amd64 is unpacked, but has never been configured.

dpkg: warning: ignoring pre-dependency problem!
Preparing to unpack ...//tar_1.34+dfsg-1_amd64.deb ...
Unpacking tar (1.34+dfsg-1) ...
Selecting previously unselected package util-linux.
dpkg: regarding ...//util-linux_2.36.1-8_amd64.deb containing util-linux, pre-dependency problem:
 util-linux pre-depends on libaudit1 (>= 1:2.2.1)
  libaudit1:amd64 is unpacked, but has never been configured.

dpkg: warning: ignoring pre-dependency problem!
dpkg: regarding ...//util-linux_2.36.1-8_amd64.deb containing util-linux, pre-dependency problem:
 util-linux pre-depends on libblkid1 (>= 2.31.1)
  libblkid1:amd64 is unpacked, but has never been configured.

dpkg: warning: ignoring pre-dependency problem!
dpkg: regarding ...//util-linux_2.36.1-8_amd64.deb containing util-linux, pre-dependency problem:
 util-linux pre-depends on libc6 (>= 2.25)
  libc6:amd64 is unpacked, but has never been configured.

dpkg: warning: ignoring pre-dependency problem!
dpkg: regarding ...//util-linux_2.36.1-8_amd64.deb containing util-linux, pre-dependency problem:
 util-linux pre-depends on libcap-ng0 (>= 0.7.9)
  libcap-ng0:amd64 is unpacked, but has never been configured.

dpkg: warning: ignoring pre-dependency problem!
dpkg: regarding ...//util-linux_2.36.1-8_amd64.deb containing util-linux, pre-dependency problem:
 util-linux pre-depends on libcrypt1 (>= 1:4.1.0)
  libcrypt1:amd64 is unpacked, but has never been configured.

dpkg: warning: ignoring pre-dependency problem!
dpkg: regarding ...//util-linux_2.36.1-8_amd64.deb containing util-linux, pre-dependency problem:
 util-linux pre-depends on libmount1 (>= 2.34)
  libmount1:amd64 is unpacked, but has never been configured.

dpkg: warning: ignoring pre-dependency problem!
dpkg: regarding ...//util-linux_2.36.1-8_amd64.deb containing util-linux, pre-dependency problem:
 util-linux pre-depends on libpam0g (>= 0.99.7.1)
  libpam0g:amd64 is unpacked, but has never been configured.

dpkg: warning: ignoring pre-dependency problem!
dpkg: regarding ...//util-linux_2.36.1-8_amd64.deb containing util-linux, pre-dependency problem:
 util-linux pre-depends on libselinux1 (>= 3.1~)
  libselinux1:amd64 is unpacked, but has never been configured.

dpkg: warning: ignoring pre-dependency problem!
dpkg: regarding ...//util-linux_2.36.1-8_amd64.deb containing util-linux, pre-dependency problem:
 util-linux pre-depends on libsmartcols1 (>= 2.34)
  libsmartcols1:amd64 is unpacked, but has never been configured.

dpkg: warning: ignoring pre-dependency problem!
dpkg: regarding ...//util-linux_2.36.1-8_amd64.deb containing util-linux, pre-dependency problem:
 util-linux pre-depends on libsystemd0
  libsystemd0:amd64 is unpacked, but has never been configured.

dpkg: warning: ignoring pre-dependency problem!
dpkg: regarding ...//util-linux_2.36.1-8_amd64.deb containing util-linux, pre-dependency problem:
 util-linux pre-depends on libtinfo6 (>= 6)
  libtinfo6:amd64 is unpacked, but has never been configured.

dpkg: warning: ignoring pre-dependency problem!
dpkg: regarding ...//util-linux_2.36.1-8_amd64.deb containing util-linux, pre-dependency problem:
 util-linux pre-depends on libudev1 (>= 183)
  libudev1:amd64 is unpacked, but has never been configured.

dpkg: warning: ignoring pre-dependency problem!
dpkg: regarding ...//util-linux_2.36.1-8_amd64.deb containing util-linux, pre-dependency problem:
 util-linux pre-depends on libuuid1 (>= 2.16)
  libuuid1:amd64 is unpacked, but has never been configured.

dpkg: warning: ignoring pre-dependency problem!
dpkg: regarding ...//util-linux_2.36.1-8_amd64.deb containing util-linux, pre-dependency problem:
 util-linux pre-depends on zlib1g (>= 1:1.1.4)
  zlib1g is not installed.

dpkg: warning: ignoring pre-dependency problem!
Preparing to unpack ...//util-linux_2.36.1-8_amd64.deb ...
Unpacking util-linux (2.36.1-8) ...
Selecting previously unselected package zlib1g:amd64.
Preparing to unpack .../zlib1g_1%3a1.2.11.dfsg-2_amd64.deb ...
Unpacking zlib1g:amd64 (1:1.2.11.dfsg-2) ...
Setting up debian-archive-keyring (2021.1.1) ...
Setting up gcc-10-base:amd64 (10.2.1-6) ...
Setting up libaudit-common (1:3.0-2) ...
Setting up libsemanage-common (3.1-1) ...
Setting up libtirpc-common (1.3.1-1) ...
Setting up lsb-base (11.1.0) ...
Setting up ncurses-base (6.2+20201114-2) ...
Setting up libcrypt1:amd64 (1:4.4.18-4) ...
Setting up libgcc-s1:amd64 (10.2.1-6) ...
Setting up libc6:amd64 (2.31-13+deb11u2) ...
Setting up libcap-ng0:amd64 (0.7.9-2.2+b1) ...
Setting up libcom-err2:amd64 (1.46.2-2) ...
Setting up libdb5.3:amd64 (5.3.28+dfsg1-0.8) ...
Setting up libdebconfclient0:amd64 (0.260) ...
Setting up libffi7:amd64 (3.3-6) ...
Setting up libgmp10:amd64 (2:6.2.1+dfsg-1) ...
Setting up libgpg-error0:amd64 (1.38-2) ...
Setting up libkeyutils1:amd64 (1.6.1-2) ...
Setting up libkrb5support0:amd64 (1.18.3-6+deb11u1) ...
Setting up liblz4-1:amd64 (1.9.3-2) ...
Setting up liblzma5:amd64 (5.2.5-2) ...
Setting up libnettle8:amd64 (3.7.3-1) ...
Setting up libp11-kit0:amd64 (0.23.22-1) ...
Setting up libpcre2-8-0:amd64 (10.36-2) ...
Setting up libpcre3:amd64 (2:8.39-13) ...
Setting up libseccomp2:amd64 (2.5.1-1) ...
Setting up libselinux1:amd64 (3.1-3) ...
Setting up libsepol1:amd64 (3.1-1) ...
Setting up libsmartcols1:amd64 (2.36.1-8) ...
Setting up libstdc++6:amd64 (10.2.1-6) ...
Setting up libtasn1-6:amd64 (4.16.0-2) ...
Setting up libtinfo6:amd64 (6.2+20201114-2) ...
Setting up libudev1:amd64 (247.3-6) ...
Setting up libunistring2:amd64 (0.9.10-4) ...
Setting up libuuid1:amd64 (2.36.1-8) ...
Setting up libxxhash0:amd64 (0.8.0-2) ...
Setting up libzstd1:amd64 (1.4.8+dfsg-2.1) ...
Setting up mawk (1.3.4.20200120-2) ...
Setting up ncurses-bin (6.2+20201114-2) ...
Setting up sysvinit-utils (2.96-7) ...
Setting up zlib1g:amd64 (1:1.2.11.dfsg-2) ...
Setting up base-files (11.1+deb11u1) ...
Setting up base-passwd (3.5.51) ...
Setting up debianutils (4.11.2) ...
Setting up diffutils (1:3.7-5) ...
Setting up findutils (4.8.0-1) ...
Setting up hostname (3.23) ...
Setting up libacl1:amd64 (2.2.53-10) ...
Setting up libattr1:amd64 (1:2.4.48-6) ...
Setting up libaudit1:amd64 (1:3.0-2) ...
Setting up libblkid1:amd64 (2.36.1-8) ...
Setting up libbz2-1.0:amd64 (1.0.8-4) ...
Setting up libc-bin (2.31-13+deb11u2) ...
Setting up libgcrypt20:amd64 (1.8.7-6) ...
Setting up libhogweed6:amd64 (3.7.3-1) ...
Setting up libidn2-0:amd64 (2.3.0-5) ...
Setting up libk5crypto3:amd64 (1.18.3-6+deb11u1) ...
Setting up libmount1:amd64 (2.36.1-8) ...
Setting up libsemanage1:amd64 (3.1-1+b2) ...
Setting up libsystemd0:amd64 (247.3-6) ...
Setting up sed (4.7-1) ...
Setting up tar (1.34+dfsg-1) ...
update-alternatives: using /usr/sbin/rmt-tar to provide /usr/sbin/rmt (rmt) in auto mode
Setting up bash (5.1-2+b3) ...
update-alternatives: using /usr/share/man/man7/bash-builtins.7.gz to provide /usr/share/man/man7/builtins.7.gz (builtins.7.gz) in auto mode
Setting up bsdutils (1:2.36.1-8) ...
Setting up coreutils (8.32-4+b1) ...
Setting up dpkg (1.20.9) ...
Setting up gpgv (2.2.27-2) ...
Setting up grep (3.6-1) ...
Setting up gzip (1.10-4) ...
Setting up libapt-pkg6.0:amd64 (2.2.4) ...
Setting up libgnutls30:amd64 (3.7.1-5) ...
Setting up perl-base (5.32.1-4+deb11u2) ...
Setting up debconf (1.5.77) ...
Setting up init-system-helpers (1.60) ...
Setting up libpam0g:amd64 (1.4.0-9+deb11u1) ...
Setting up libssl1.1:amd64 (1.1.1k-1+deb11u1) ...
Setting up dash (0.5.11+git20200708+dd9ef66-5) ...
No diversion 'diversion of /bin/sh by bash', none removed.
Adding 'diversion of /bin/sh to /bin/sh.distrib by dash'
No diversion 'diversion of /usr/share/man/man1/sh.1.gz by bash', none removed.
Adding 'diversion of /usr/share/man/man1/sh.1.gz to /usr/share/man/man1/sh.distrib.1.gz by dash'
Setting up libkrb5-3:amd64 (1.18.3-6+deb11u1) ...
Setting up libpam-modules-bin (1.4.0-9+deb11u1) ...
Setting up libgssapi-krb5-2:amd64 (1.18.3-6+deb11u1) ...
Setting up libtirpc3:amd64 (1.3.1-1) ...
Setting up libnsl2:amd64 (1.3.0-2) ...
Setting up libpam-modules:amd64 (1.4.0-9+deb11u1) ...
Setting up libpam-runtime (1.4.0-9+deb11u1) ...
Setting up login (1:4.8.1-1) ...
Setting up passwd (1:4.8.1-1) ...
Shadow passwords are now on.
Setting up util-linux (2.36.1-8) ...
update-alternatives: using /bin/more to provide /usr/bin/pager (pager) in auto mode
Setting up adduser (3.118) ...
Setting up apt (2.2.4) ...
Processing triggers for libc-bin (2.31-13+deb11u2) ...
I: running --essential-hook in shell: sh -c 'mkdir $1/etc/plymouth; printf "[Daemon]\nTheme=bgrt\n" >$1/etc/plymouth/plymouthd.conf' exec /tmp/mmdebstrap.b5DH5iSjH7
I: installing remaining packages inside the chroot...
Reading package lists...
Building dependency tree...
The following additional packages will be installed:
  cpio dmsetup fontconfig fontconfig-config fonts-cantarell fonts-dejavu-core initramfs-tools initramfs-tools-core klibc-utils kmod
  libapparmor1 libargon2-1 libbrotli1 libbsd0 libcairo2 libcap2 libcryptsetup12 libdatrie1 libdevmapper1.02.1 libdrm-common libdrm2
  libexpat1 libfontconfig1 libfreetype6 libfribidi0 libglib2.0-0 libgraphite2-3 libharfbuzz0b libip4tc2 libjson-c5 libklibc libkmod2 libmd0
  libpango-1.0-0 libpangocairo-1.0-0 libpangoft2-1.0-0 libpixman-1-0 libplymouth5 libpng16-16 libthai-data libthai0 libx11-6 libx11-data
  libxau6 libxcb-render0 libxcb-shm0 libxcb1 libxdmcp6 libxext6 libxrender1 linux-base linux-image-5.10.0-9-cloud-amd64 logsave mount
  plymouth plymouth-label sensible-utils systemd systemd-timesyncd ucf udev
Suggested packages:
  libarchive1 bash-completion linux-doc-5.10 debian-kernel-handbook grub-pc | grub-efi-amd64 | extlinux nfs-common desktop-base
  systemd-container policykit-1
Recommended packages:
  busybox | busybox-static pigz libglib2.0-data shared-mime-info xdg-user-dirs firmware-linux-free apparmor dbus
The following NEW packages will be installed:
  cpio dmsetup fontconfig fontconfig-config fonts-cantarell fonts-dejavu-core initramfs-tools initramfs-tools-core klibc-utils kmod
  libapparmor1 libargon2-1 libbrotli1 libbsd0 libcairo2 libcap2 libcryptsetup12 libdatrie1 libdevmapper1.02.1 libdrm-common libdrm2
  libexpat1 libfontconfig1 libfreetype6 libfribidi0 libglib2.0-0 libgraphite2-3 libharfbuzz0b libip4tc2 libjson-c5 libklibc libkmod2 libmd0
  libpango-1.0-0 libpangocairo-1.0-0 libpangoft2-1.0-0 libpixman-1-0 libplymouth5 libpng16-16 libthai-data libthai0 libx11-6 libx11-data
  libxau6 libxcb-render0 libxcb-shm0 libxcb1 libxdmcp6 libxext6 libxrender1 linux-base linux-image-5.10.0-9-cloud-amd64
  linux-image-cloud-amd64 logsave mount plymouth plymouth-label plymouth-themes sensible-utils systemd systemd-timesyncd ucf udev
0 upgraded, 63 newly installed, 0 to remove and 0 not upgraded.
Need to get 38.9 MB of archives.
After this operation, 137 MB of additional disk space will be used.
Get:1 http://deb.debian.org/debian bullseye/main amd64 mount amd64 2.36.1-8 [185 kB]
Get:2 http://deb.debian.org/debian bullseye/main amd64 libapparmor1 amd64 2.13.6-10 [99.3 kB]
Get:3 http://deb.debian.org/debian bullseye/main amd64 libcap2 amd64 1:2.44-1 [23.6 kB]
Get:4 http://deb.debian.org/debian bullseye/main amd64 libargon2-1 amd64 0~20171227-0.2 [19.6 kB]
Get:5 http://deb.debian.org/debian bullseye/main amd64 dmsetup amd64 2:1.02.175-2.1 [92.1 kB]
Get:6 http://deb.debian.org/debian bullseye/main amd64 libdevmapper1.02.1 amd64 2:1.02.175-2.1 [143 kB]
Get:7 http://deb.debian.org/debian bullseye/main amd64 libjson-c5 amd64 0.15-2 [42.8 kB]
Get:8 http://deb.debian.org/debian bullseye/main amd64 libcryptsetup12 amd64 2:2.3.5-1 [244 kB]
Get:9 http://deb.debian.org/debian bullseye/main amd64 libip4tc2 amd64 1.8.7-1 [34.6 kB]
Get:10 http://deb.debian.org/debian bullseye/main amd64 libkmod2 amd64 28-1 [55.6 kB]
Get:11 http://deb.debian.org/debian bullseye/main amd64 systemd-timesyncd amd64 247.3-6 [131 kB]
Get:12 http://deb.debian.org/debian bullseye/main amd64 systemd amd64 247.3-6 [4495 kB]
Get:13 http://deb.debian.org/debian bullseye/main amd64 cpio amd64 2.13+dfsg-4 [244 kB]
Get:14 http://deb.debian.org/debian bullseye/main amd64 kmod amd64 28-1 [92.8 kB]
Get:15 http://deb.debian.org/debian bullseye/main amd64 sensible-utils all 0.0.14 [14.8 kB]
Get:16 http://deb.debian.org/debian bullseye/main amd64 udev amd64 247.3-6 [1464 kB]
Get:17 http://deb.debian.org/debian bullseye/main amd64 ucf all 3.0043 [74.0 kB]
Get:18 http://deb.debian.org/debian bullseye/main amd64 libexpat1 amd64 2.2.10-2 [96.9 kB]
Get:19 http://deb.debian.org/debian bullseye/main amd64 libbrotli1 amd64 1.0.9-2+b2 [279 kB]
Get:20 http://deb.debian.org/debian bullseye/main amd64 libpng16-16 amd64 1.6.37-3 [294 kB]
Get:21 http://deb.debian.org/debian bullseye/main amd64 libfreetype6 amd64 2.10.4+dfsg-1 [418 kB]
Get:22 http://deb.debian.org/debian bullseye/main amd64 fonts-dejavu-core all 2.37-2 [1069 kB]
Get:23 http://deb.debian.org/debian bullseye/main amd64 fontconfig-config all 2.13.1-4.2 [281 kB]
Get:24 http://deb.debian.org/debian bullseye/main amd64 libfontconfig1 amd64 2.13.1-4.2 [347 kB]
Get:25 http://deb.debian.org/debian bullseye/main amd64 fontconfig amd64 2.13.1-4.2 [417 kB]
Get:26 http://deb.debian.org/debian bullseye/main amd64 fonts-cantarell all 0.111-3 [250 kB]
Get:27 http://deb.debian.org/debian bullseye/main amd64 libklibc amd64 2.0.8-6.1 [56.6 kB]
Get:28 http://deb.debian.org/debian bullseye/main amd64 klibc-utils amd64 2.0.8-6.1 [94.4 kB]
Get:29 http://deb.debian.org/debian bullseye/main amd64 logsave amd64 1.46.2-2 [74.9 kB]
Get:30 http://deb.debian.org/debian bullseye/main amd64 initramfs-tools-core all 0.140 [103 kB]
Get:31 http://deb.debian.org/debian bullseye/main amd64 linux-base all 4.6 [32.4 kB]
Get:32 http://deb.debian.org/debian bullseye/main amd64 initramfs-tools all 0.140 [71.7 kB]
Get:33 http://deb.debian.org/debian bullseye/main amd64 libmd0 amd64 1.0.3-3 [28.0 kB]
Get:34 http://deb.debian.org/debian bullseye/main amd64 libbsd0 amd64 0.11.3-1 [108 kB]
Get:35 http://deb.debian.org/debian bullseye/main amd64 libpixman-1-0 amd64 0.40.0-1 [543 kB]
Get:36 http://deb.debian.org/debian bullseye/main amd64 libxau6 amd64 1:1.0.9-1 [19.7 kB]
Get:37 http://deb.debian.org/debian bullseye/main amd64 libxdmcp6 amd64 1:1.1.2-3 [26.3 kB]
Get:38 http://deb.debian.org/debian bullseye/main amd64 libxcb1 amd64 1.14-3 [140 kB]
Get:39 http://deb.debian.org/debian bullseye/main amd64 libx11-data all 2:1.7.2-1 [311 kB]
Get:40 http://deb.debian.org/debian bullseye/main amd64 libx11-6 amd64 2:1.7.2-1 [772 kB]
Get:41 http://deb.debian.org/debian bullseye/main amd64 libxcb-render0 amd64 1.14-3 [111 kB]
Get:42 http://deb.debian.org/debian bullseye/main amd64 libxcb-shm0 amd64 1.14-3 [101 kB]
Get:43 http://deb.debian.org/debian bullseye/main amd64 libxext6 amd64 2:1.3.3-1.1 [52.7 kB]
Get:44 http://deb.debian.org/debian bullseye/main amd64 libxrender1 amd64 1:0.9.10-1 [33.0 kB]
Get:45 http://deb.debian.org/debian bullseye/main amd64 libcairo2 amd64 1.16.0-5 [694 kB]
Get:46 http://deb.debian.org/debian bullseye/main amd64 libdatrie1 amd64 0.2.13-1 [42.7 kB]
Get:47 http://deb.debian.org/debian bullseye/main amd64 libdrm-common all 2.4.104-1 [14.9 kB]
Get:48 http://deb.debian.org/debian bullseye/main amd64 libdrm2 amd64 2.4.104-1 [41.5 kB]
Get:49 http://deb.debian.org/debian bullseye/main amd64 libfribidi0 amd64 1.0.8-2 [64.8 kB]
Get:50 http://deb.debian.org/debian bullseye/main amd64 libglib2.0-0 amd64 2.66.8-1 [1370 kB]
Get:51 http://deb.debian.org/debian bullseye/main amd64 libgraphite2-3 amd64 1.3.14-1 [81.2 kB]
Get:52 http://deb.debian.org/debian bullseye/main amd64 libharfbuzz0b amd64 2.7.4-1 [1471 kB]
Get:53 http://deb.debian.org/debian bullseye/main amd64 libthai-data all 0.1.28-3 [170 kB]
Get:54 http://deb.debian.org/debian bullseye/main amd64 libthai0 amd64 0.1.28-3 [54.2 kB]
Get:55 http://deb.debian.org/debian bullseye/main amd64 libpango-1.0-0 amd64 1.46.2-3 [191 kB]
Get:56 http://deb.debian.org/debian bullseye/main amd64 libpangoft2-1.0-0 amd64 1.46.2-3 [62.2 kB]
Get:57 http://deb.debian.org/debian bullseye/main amd64 libpangocairo-1.0-0 amd64 1.46.2-3 [50.6 kB]
Get:58 http://deb.debian.org/debian bullseye/main amd64 libplymouth5 amd64 0.9.5-3 [108 kB]
Get:59 http://deb.debian.org/debian bullseye-proposed-updates/main amd64 linux-image-5.10.0-9-cloud-amd64 amd64 5.10.70-1 [20.0 MB]
Get:60 http://deb.debian.org/debian bullseye-proposed-updates/main amd64 linux-image-cloud-amd64 amd64 5.10.70-1 [1496 B]
Get:61 http://deb.debian.org/debian bullseye/main amd64 plymouth amd64 0.9.5-3 [138 kB]
Get:62 http://deb.debian.org/debian bullseye/main amd64 plymouth-label amd64 0.9.5-3 [18.2 kB]
Get:63 http://deb.debian.org/debian bullseye/main amd64 plymouth-themes amd64 0.9.5-3 [772 kB]
debconf: delaying package configuration, since apt-utils is not installed
Fetched 38.9 MB in 10s (3970 kB/s)
Selecting previously unselected package mount.
(Reading database ... 4668 files and directories currently installed.)
Preparing to unpack .../00-mount_2.36.1-8_amd64.deb ...
Unpacking mount (2.36.1-8) ...
Selecting previously unselected package libapparmor1:amd64.
Preparing to unpack .../01-libapparmor1_2.13.6-10_amd64.deb ...
Unpacking libapparmor1:amd64 (2.13.6-10) ...
Selecting previously unselected package libcap2:amd64.
Preparing to unpack .../02-libcap2_1%3a2.44-1_amd64.deb ...
Unpacking libcap2:amd64 (1:2.44-1) ...
Selecting previously unselected package libargon2-1:amd64.
Preparing to unpack .../03-libargon2-1_0~20171227-0.2_amd64.deb ...
Unpacking libargon2-1:amd64 (0~20171227-0.2) ...
Selecting previously unselected package dmsetup.
Preparing to unpack .../04-dmsetup_2%3a1.02.175-2.1_amd64.deb ...
Unpacking dmsetup (2:1.02.175-2.1) ...
Selecting previously unselected package libdevmapper1.02.1:amd64.
Preparing to unpack .../05-libdevmapper1.02.1_2%3a1.02.175-2.1_amd64.deb ...
Unpacking libdevmapper1.02.1:amd64 (2:1.02.175-2.1) ...
Selecting previously unselected package libjson-c5:amd64.
Preparing to unpack .../06-libjson-c5_0.15-2_amd64.deb ...
Unpacking libjson-c5:amd64 (0.15-2) ...
Selecting previously unselected package libcryptsetup12:amd64.
Preparing to unpack .../07-libcryptsetup12_2%3a2.3.5-1_amd64.deb ...
Unpacking libcryptsetup12:amd64 (2:2.3.5-1) ...
Selecting previously unselected package libip4tc2:amd64.
Preparing to unpack .../08-libip4tc2_1.8.7-1_amd64.deb ...
Unpacking libip4tc2:amd64 (1.8.7-1) ...
Selecting previously unselected package libkmod2:amd64.
Preparing to unpack .../09-libkmod2_28-1_amd64.deb ...
Unpacking libkmod2:amd64 (28-1) ...
Selecting previously unselected package systemd-timesyncd.
Preparing to unpack .../10-systemd-timesyncd_247.3-6_amd64.deb ...
Unpacking systemd-timesyncd (247.3-6) ...
Selecting previously unselected package systemd.
Preparing to unpack .../11-systemd_247.3-6_amd64.deb ...
Unpacking systemd (247.3-6) ...
Selecting previously unselected package cpio.
Preparing to unpack .../12-cpio_2.13+dfsg-4_amd64.deb ...
Unpacking cpio (2.13+dfsg-4) ...
Selecting previously unselected package kmod.
Preparing to unpack .../13-kmod_28-1_amd64.deb ...
Unpacking kmod (28-1) ...
Selecting previously unselected package sensible-utils.
Preparing to unpack .../14-sensible-utils_0.0.14_all.deb ...
Unpacking sensible-utils (0.0.14) ...
Selecting previously unselected package udev.
Preparing to unpack .../15-udev_247.3-6_amd64.deb ...
Unpacking udev (247.3-6) ...
Selecting previously unselected package ucf.
Preparing to unpack .../16-ucf_3.0043_all.deb ...
Moving old data out of the way
Unpacking ucf (3.0043) ...
Selecting previously unselected package libexpat1:amd64.
Preparing to unpack .../17-libexpat1_2.2.10-2_amd64.deb ...
Unpacking libexpat1:amd64 (2.2.10-2) ...
Selecting previously unselected package libbrotli1:amd64.
Preparing to unpack .../18-libbrotli1_1.0.9-2+b2_amd64.deb ...
Unpacking libbrotli1:amd64 (1.0.9-2+b2) ...
Selecting previously unselected package libpng16-16:amd64.
Preparing to unpack .../19-libpng16-16_1.6.37-3_amd64.deb ...
Unpacking libpng16-16:amd64 (1.6.37-3) ...
Selecting previously unselected package libfreetype6:amd64.
Preparing to unpack .../20-libfreetype6_2.10.4+dfsg-1_amd64.deb ...
Unpacking libfreetype6:amd64 (2.10.4+dfsg-1) ...
Selecting previously unselected package fonts-dejavu-core.
Preparing to unpack .../21-fonts-dejavu-core_2.37-2_all.deb ...
Unpacking fonts-dejavu-core (2.37-2) ...
Selecting previously unselected package fontconfig-config.
Preparing to unpack .../22-fontconfig-config_2.13.1-4.2_all.deb ...
Unpacking fontconfig-config (2.13.1-4.2) ...
Selecting previously unselected package libfontconfig1:amd64.
Preparing to unpack .../23-libfontconfig1_2.13.1-4.2_amd64.deb ...
Unpacking libfontconfig1:amd64 (2.13.1-4.2) ...
Selecting previously unselected package fontconfig.
Preparing to unpack .../24-fontconfig_2.13.1-4.2_amd64.deb ...
Unpacking fontconfig (2.13.1-4.2) ...
Selecting previously unselected package fonts-cantarell.
Preparing to unpack .../25-fonts-cantarell_0.111-3_all.deb ...
Unpacking fonts-cantarell (0.111-3) ...
Selecting previously unselected package libklibc:amd64.
Preparing to unpack .../26-libklibc_2.0.8-6.1_amd64.deb ...
Unpacking libklibc:amd64 (2.0.8-6.1) ...
Selecting previously unselected package klibc-utils.
Preparing to unpack .../27-klibc-utils_2.0.8-6.1_amd64.deb ...
Unpacking klibc-utils (2.0.8-6.1) ...
Selecting previously unselected package logsave.
Preparing to unpack .../28-logsave_1.46.2-2_amd64.deb ...
Unpacking logsave (1.46.2-2) ...
Selecting previously unselected package initramfs-tools-core.
Preparing to unpack .../29-initramfs-tools-core_0.140_all.deb ...
Unpacking initramfs-tools-core (0.140) ...
Selecting previously unselected package linux-base.
Preparing to unpack .../30-linux-base_4.6_all.deb ...
Unpacking linux-base (4.6) ...
Selecting previously unselected package initramfs-tools.
Preparing to unpack .../31-initramfs-tools_0.140_all.deb ...
Unpacking initramfs-tools (0.140) ...
Selecting previously unselected package libmd0:amd64.
Preparing to unpack .../32-libmd0_1.0.3-3_amd64.deb ...
Unpacking libmd0:amd64 (1.0.3-3) ...
Selecting previously unselected package libbsd0:amd64.
Preparing to unpack .../33-libbsd0_0.11.3-1_amd64.deb ...
Unpacking libbsd0:amd64 (0.11.3-1) ...
Selecting previously unselected package libpixman-1-0:amd64.
Preparing to unpack .../34-libpixman-1-0_0.40.0-1_amd64.deb ...
Unpacking libpixman-1-0:amd64 (0.40.0-1) ...
Selecting previously unselected package libxau6:amd64.
Preparing to unpack .../35-libxau6_1%3a1.0.9-1_amd64.deb ...
Unpacking libxau6:amd64 (1:1.0.9-1) ...
Selecting previously unselected package libxdmcp6:amd64.
Preparing to unpack .../36-libxdmcp6_1%3a1.1.2-3_amd64.deb ...
Unpacking libxdmcp6:amd64 (1:1.1.2-3) ...
Selecting previously unselected package libxcb1:amd64.
Preparing to unpack .../37-libxcb1_1.14-3_amd64.deb ...
Unpacking libxcb1:amd64 (1.14-3) ...
Selecting previously unselected package libx11-data.
Preparing to unpack .../38-libx11-data_2%3a1.7.2-1_all.deb ...
Unpacking libx11-data (2:1.7.2-1) ...
Selecting previously unselected package libx11-6:amd64.
Preparing to unpack .../39-libx11-6_2%3a1.7.2-1_amd64.deb ...
Unpacking libx11-6:amd64 (2:1.7.2-1) ...
Selecting previously unselected package libxcb-render0:amd64.
Preparing to unpack .../40-libxcb-render0_1.14-3_amd64.deb ...
Unpacking libxcb-render0:amd64 (1.14-3) ...
Selecting previously unselected package libxcb-shm0:amd64.
Preparing to unpack .../41-libxcb-shm0_1.14-3_amd64.deb ...
Unpacking libxcb-shm0:amd64 (1.14-3) ...
Selecting previously unselected package libxext6:amd64.
Preparing to unpack .../42-libxext6_2%3a1.3.3-1.1_amd64.deb ...
Unpacking libxext6:amd64 (2:1.3.3-1.1) ...
Selecting previously unselected package libxrender1:amd64.
Preparing to unpack .../43-libxrender1_1%3a0.9.10-1_amd64.deb ...
Unpacking libxrender1:amd64 (1:0.9.10-1) ...
Selecting previously unselected package libcairo2:amd64.
Preparing to unpack .../44-libcairo2_1.16.0-5_amd64.deb ...
Unpacking libcairo2:amd64 (1.16.0-5) ...
Selecting previously unselected package libdatrie1:amd64.
Preparing to unpack .../45-libdatrie1_0.2.13-1_amd64.deb ...
Unpacking libdatrie1:amd64 (0.2.13-1) ...
Selecting previously unselected package libdrm-common.
Preparing to unpack .../46-libdrm-common_2.4.104-1_all.deb ...
Unpacking libdrm-common (2.4.104-1) ...
Selecting previously unselected package libdrm2:amd64.
Preparing to unpack .../47-libdrm2_2.4.104-1_amd64.deb ...
Unpacking libdrm2:amd64 (2.4.104-1) ...
Selecting previously unselected package libfribidi0:amd64.
Preparing to unpack .../48-libfribidi0_1.0.8-2_amd64.deb ...
Unpacking libfribidi0:amd64 (1.0.8-2) ...
Selecting previously unselected package libglib2.0-0:amd64.
Preparing to unpack .../49-libglib2.0-0_2.66.8-1_amd64.deb ...
Unpacking libglib2.0-0:amd64 (2.66.8-1) ...
Selecting previously unselected package libgraphite2-3:amd64.
Preparing to unpack .../50-libgraphite2-3_1.3.14-1_amd64.deb ...
Unpacking libgraphite2-3:amd64 (1.3.14-1) ...
Selecting previously unselected package libharfbuzz0b:amd64.
Preparing to unpack .../51-libharfbuzz0b_2.7.4-1_amd64.deb ...
Unpacking libharfbuzz0b:amd64 (2.7.4-1) ...
Selecting previously unselected package libthai-data.
Preparing to unpack .../52-libthai-data_0.1.28-3_all.deb ...
Unpacking libthai-data (0.1.28-3) ...
Selecting previously unselected package libthai0:amd64.
Preparing to unpack .../53-libthai0_0.1.28-3_amd64.deb ...
Unpacking libthai0:amd64 (0.1.28-3) ...
Selecting previously unselected package libpango-1.0-0:amd64.
Preparing to unpack .../54-libpango-1.0-0_1.46.2-3_amd64.deb ...
Unpacking libpango-1.0-0:amd64 (1.46.2-3) ...
Selecting previously unselected package libpangoft2-1.0-0:amd64.
Preparing to unpack .../55-libpangoft2-1.0-0_1.46.2-3_amd64.deb ...
Unpacking libpangoft2-1.0-0:amd64 (1.46.2-3) ...
Selecting previously unselected package libpangocairo-1.0-0:amd64.
Preparing to unpack .../56-libpangocairo-1.0-0_1.46.2-3_amd64.deb ...
Unpacking libpangocairo-1.0-0:amd64 (1.46.2-3) ...
Selecting previously unselected package libplymouth5:amd64.
Preparing to unpack .../57-libplymouth5_0.9.5-3_amd64.deb ...
Unpacking libplymouth5:amd64 (0.9.5-3) ...
Selecting previously unselected package linux-image-5.10.0-9-cloud-amd64.
Preparing to unpack .../58-linux-image-5.10.0-9-cloud-amd64_5.10.70-1_amd64.deb ...
Unpacking linux-image-5.10.0-9-cloud-amd64 (5.10.70-1) ...
Selecting previously unselected package linux-image-cloud-amd64.
Preparing to unpack .../59-linux-image-cloud-amd64_5.10.70-1_amd64.deb ...
Unpacking linux-image-cloud-amd64 (5.10.70-1) ...
Selecting previously unselected package plymouth.
Preparing to unpack .../60-plymouth_0.9.5-3_amd64.deb ...
Unpacking plymouth (0.9.5-3) ...
Selecting previously unselected package plymouth-label.
Preparing to unpack .../61-plymouth-label_0.9.5-3_amd64.deb ...
Unpacking plymouth-label (0.9.5-3) ...
Selecting previously unselected package plymouth-themes.
Preparing to unpack .../62-plymouth-themes_0.9.5-3_amd64.deb ...
Unpacking plymouth-themes (0.9.5-3) ...
Setting up libip4tc2:amd64 (1.8.7-1) ...
Setting up libexpat1:amd64 (2.2.10-2) ...
Setting up cpio (2.13+dfsg-4) ...
update-alternatives: using /bin/mt-gnu to provide /bin/mt (mt) in auto mode
Setting up libgraphite2-3:amd64 (1.3.14-1) ...
Setting up libpixman-1-0:amd64 (0.40.0-1) ...
Setting up libxau6:amd64 (1:1.0.9-1) ...
Setting up libapparmor1:amd64 (2.13.6-10) ...
Setting up linux-base (4.6) ...
Setting up libdatrie1:amd64 (0.2.13-1) ...
Setting up libglib2.0-0:amd64 (2.66.8-1) ...
No schema files found: doing nothing.
Setting up libargon2-1:amd64 (0~20171227-0.2) ...
Setting up libbrotli1:amd64 (1.0.9-2+b2) ...
Setting up libcap2:amd64 (1:2.44-1) ...
Setting up libklibc:amd64 (2.0.8-6.1) ...
Setting up libx11-data (2:1.7.2-1) ...
Setting up libfribidi0:amd64 (1.0.8-2) ...
Setting up libpng16-16:amd64 (1.6.37-3) ...
Setting up fonts-dejavu-core (2.37-2) ...
Setting up logsave (1.46.2-2) ...
Setting up libmd0:amd64 (1.0.3-3) ...
Setting up mount (2.36.1-8) ...
Setting up sensible-utils (0.0.14) ...
Setting up libplymouth5:amd64 (0.9.5-3) ...
Setting up libthai-data (0.1.28-3) ...
Setting up klibc-utils (2.0.8-6.1) ...
No diversion 'diversion of /usr/share/initramfs-tools/hooks/klibc to /usr/share/initramfs-tools/hooks/klibc^i-t by klibc-utils', none removed.
Setting up libbsd0:amd64 (0.11.3-1) ...
Setting up libdrm-common (2.4.104-1) ...
Setting up libjson-c5:amd64 (0.15-2) ...
Setting up libkmod2:amd64 (28-1) ...
Setting up libxdmcp6:amd64 (1:1.1.2-3) ...
Setting up libxcb1:amd64 (1.14-3) ...
Setting up libxcb-render0:amd64 (1.14-3) ...
Setting up libxcb-shm0:amd64 (1.14-3) ...
Setting up kmod (28-1) ...
Setting up libthai0:amd64 (0.1.28-3) ...
Setting up libfreetype6:amd64 (2.10.4+dfsg-1) ...
Setting up udev (247.3-6) ...
A chroot environment has been detected, udev not started.
Setting up ucf (3.0043) ...
Setting up libdrm2:amd64 (2.4.104-1) ...
Setting up libx11-6:amd64 (2:1.7.2-1) ...
Setting up libharfbuzz0b:amd64 (2.7.4-1) ...
Setting up initramfs-tools-core (0.140) ...
Setting up initramfs-tools (0.140) ...
update-initramfs: deferring update (trigger activated)
Setting up linux-image-5.10.0-9-cloud-amd64 (5.10.70-1) ...
I: /vmlinuz.old is now a symlink to boot/vmlinuz-5.10.0-9-cloud-amd64
I: /initrd.img.old is now a symlink to boot/initrd.img-5.10.0-9-cloud-amd64
I: /vmlinuz is now a symlink to boot/vmlinuz-5.10.0-9-cloud-amd64
I: /initrd.img is now a symlink to boot/initrd.img-5.10.0-9-cloud-amd64
/etc/kernel/postinst.d/initramfs-tools:
update-initramfs: Generating /boot/initrd.img-5.10.0-9-cloud-amd64
cp: cannot stat '/etc/fonts/fonts.conf': No such file or directory
E: /usr/share/initramfs-tools/hooks/plymouth failed with return 1.
update-initramfs: failed for /boot/initrd.img-5.10.0-9-cloud-amd64 with 1.
run-parts: /etc/kernel/postinst.d/initramfs-tools exited with return code 1
dpkg: error processing package linux-image-5.10.0-9-cloud-amd64 (--configure):
 installed linux-image-5.10.0-9-cloud-amd64 package post-installation script subprocess returned error exit status 1
Setting up libxrender1:amd64 (1:0.9.10-1) ...
Setting up fontconfig-config (2.13.1-4.2) ...
Setting up libxext6:amd64 (2:1.3.3-1.1) ...
dpkg: dependency problems prevent configuration of linux-image-cloud-amd64:
 linux-image-cloud-amd64 depends on linux-image-5.10.0-9-cloud-amd64 (= 5.10.70-1); however:
  Package linux-image-5.10.0-9-cloud-amd64 is not configured yet.

dpkg: error processing package linux-image-cloud-amd64 (--configure):
 dependency problems - leaving unconfigured
Setting up libfontconfig1:amd64 (2.13.1-4.2) ...
Setting up fontconfig (2.13.1-4.2) ...
Regenerating fonts cache... done.
Setting up libpango-1.0-0:amd64 (1.46.2-3) ...
Setting up libcairo2:amd64 (1.16.0-5) ...
Setting up libpangoft2-1.0-0:amd64 (1.46.2-3) ...
Setting up libpangocairo-1.0-0:amd64 (1.46.2-3) ...
Setting up fonts-cantarell (0.111-3) ...
Setting up libdevmapper1.02.1:amd64 (2:1.02.175-2.1) ...
Setting up dmsetup (2:1.02.175-2.1) ...
update-initramfs: deferring update (trigger activated)
Setting up libcryptsetup12:amd64 (2:2.3.5-1) ...
Setting up systemd (247.3-6) ...
Created symlink /etc/systemd/system/getty.target.wants/getty@tty1.service  /lib/systemd/system/getty@.service.
Created symlink /etc/systemd/system/multi-user.target.wants/remote-fs.target  /lib/systemd/system/remote-fs.target.
Created symlink /etc/systemd/system/sysinit.target.wants/systemd-pstore.service  /lib/systemd/system/systemd-pstore.service.
Initializing machine ID from random generator.
Setting up systemd-timesyncd (247.3-6) ...
Created symlink /etc/systemd/system/dbus-org.freedesktop.timesync1.service  /lib/systemd/system/systemd-timesyncd.service.
Created symlink /etc/systemd/system/sysinit.target.wants/systemd-timesyncd.service  /lib/systemd/system/systemd-timesyncd.service.
Setting up plymouth (0.9.5-3) ...

Configuration file '/etc/plymouth/plymouthd.conf'
 ==> File on system created by you or by a script.
 ==> File also in package provided by package maintainer.
 ==> Using current old file as you requested.
update-initramfs: deferring update (trigger activated)
Setting up plymouth-label (0.9.5-3) ...
Setting up plymouth-themes (0.9.5-3) ...
update-initramfs: deferring update (trigger activated)
Processing triggers for libc-bin (2.31-13+deb11u2) ...
Processing triggers for initramfs-tools (0.140) ...
Errors were encountered while processing:
 linux-image-5.10.0-9-cloud-amd64
 linux-image-cloud-amd64
E: Sub-process /usr/bin/dpkg returned an error code (1)
E: run_chroot failed: E: env --unset=APT_CONFIG --unset=TMPDIR /usr/sbin/chroot /tmp/mmdebstrap.b5DH5iSjH7 apt-get --yes install -oAPT::Status-Fd=<$fd> -oDpkg::Use-Pty=false linux-image-cloud-amd64 plymouth-themes failed
W: listening on child socket failed: 
I: removing tempdir /tmp/mmdebstrap.b5DH5iSjH7...
